<?xml version="1.0" encoding="UTF-8"?>
<!-- Generated by org.testng.reporters.JUnitXMLReporter -->
<testsuite ignored="0" hostname="Akash" failures="1" tests="5" name="MyTestforInteractivebroker" time="139.682" errors="0" timestamp="2025-03-11T12:41:10 EDT">
  <testcase classname="com.interactivebrokers.qa.testcases.LoginPageTest" name="loginTest" time="0.645"/>
  <testcase classname="com.interactivebrokers.qa.testcases.LoginPageTest" name="verifyIBKRlogo" time="3.217"/>
  <testcase classname="com.interactivebrokers.qa.testcases.CitibanksearchonPortfolioPageTest" name="citibankserchTest" time="53.837"/>
  <testcase classname="com.interactivebrokers.qa.testcases.AddaccountTest" name="createBrokerageaccountTest" time="51.648">
    <failure type="org.openqa.selenium.ElementNotInteractableException" message="element not interactable
  (Session info: chrome=134.0.6998.36)
Build info: version: &amp;apos;4.29.0&amp;apos;, revision: &amp;apos;5fc1ec94cb&amp;apos;
System info: os.name: &amp;apos;Windows 11&amp;apos;, os.arch: &amp;apos;amd64&amp;apos;, os.version: &amp;apos;10.0&amp;apos;, java.version: &amp;apos;23&amp;apos;
Driver info: org.openqa.selenium.chrome.ChromeDriver
Command: [3ecccc416e5b2dab8e585de7b9009c02, clickElement {id=f.3ED05BD7F08EB8EC653D06D629AEF96F.d.39578BDD0FAA01FD733E28D81D0DA990.e.143}]
Capabilities {acceptInsecureCerts: false, browserName: chrome, browserVersion: 134.0.6998.36, chrome: {chromedriverVersion: 134.0.6998.88 (7e3d5c978c6d..., userDataDir: C:\Users\moham\AppData\Loca...}, fedcm:accounts: true, goog:chromeOptions: {debuggerAddress: localhost:51380}, networkConnectionEnabled: false, pageLoadStrategy: normal, platformName: windows, proxy: Proxy(), se:cdp: ws://localhost:51380/devtoo..., se:cdpVersion: 134.0.6998.36, setWindowRect: true, strictFileInteractability: false, timeouts: {implicit: 0, pageLoad: 300000, script: 30000}, unhandledPromptBehavior: dismiss and notify, webauthn:extension:credBlob: true, webauthn:extension:largeBlob: true, webauthn:extension:minPinLength: true, webauthn:extension:prf: true, webauthn:virtualAuthenticators: true}
Element: [[ChromeDriver: chrome on windows (3ecccc416e5b2dab8e585de7b9009c02)] -&amp;gt; xpath: //a[contains(@class, &amp;apos;btn&amp;apos;) and contains(@class, &amp;apos;btn-primary&amp;apos;)]]
Session ID: 3ecccc416e5b2dab8e585de7b9009c02">
      <![CDATA[org.openqa.selenium.ElementNotInteractableException: element not interactable
  (Session info: chrome=134.0.6998.36)
Build info: version: '4.29.0', revision: '5fc1ec94cb'
System info: os.name: 'Windows 11', os.arch: 'amd64', os.version: '10.0', java.version: '23'
Driver info: org.openqa.selenium.chrome.ChromeDriver
Command: [3ecccc416e5b2dab8e585de7b9009c02, clickElement {id=f.3ED05BD7F08EB8EC653D06D629AEF96F.d.39578BDD0FAA01FD733E28D81D0DA990.e.143}]
Capabilities {acceptInsecureCerts: false, browserName: chrome, browserVersion: 134.0.6998.36, chrome: {chromedriverVersion: 134.0.6998.88 (7e3d5c978c6d..., userDataDir: C:\Users\moham\AppData\Loca...}, fedcm:accounts: true, goog:chromeOptions: {debuggerAddress: localhost:51380}, networkConnectionEnabled: false, pageLoadStrategy: normal, platformName: windows, proxy: Proxy(), se:cdp: ws://localhost:51380/devtoo..., se:cdpVersion: 134.0.6998.36, setWindowRect: true, strictFileInteractability: false, timeouts: {implicit: 0, pageLoad: 300000, script: 30000}, unhandledPromptBehavior: dismiss and notify, webauthn:extension:credBlob: true, webauthn:extension:largeBlob: true, webauthn:extension:minPinLength: true, webauthn:extension:prf: true, webauthn:virtualAuthenticators: true}
Element: [[ChromeDriver: chrome on windows (3ecccc416e5b2dab8e585de7b9009c02)] -> xpath: //a[contains(@class, 'btn') and contains(@class, 'btn-primary')]]
Session ID: 3ecccc416e5b2dab8e585de7b9009c02
at org.openqa.selenium.remote.ErrorCodec.decode(ErrorCodec.java:167)
at org.openqa.selenium.remote.codec.w3c.W3CHttpResponseCodec.decode(W3CHttpResponseCodec.java:138)
at org.openqa.selenium.remote.codec.w3c.W3CHttpResponseCodec.decode(W3CHttpResponseCodec.java:50)
at org.openqa.selenium.remote.HttpCommandExecutor.execute(HttpCommandExecutor.java:215)
at org.openqa.selenium.remote.service.DriverCommandExecutor.invokeExecute(DriverCommandExecutor.java:216)
at org.openqa.selenium.remote.service.DriverCommandExecutor.execute(DriverCommandExecutor.java:174)
at org.openqa.selenium.remote.RemoteWebDriver.execute(RemoteWebDriver.java:545)
at org.openqa.selenium.remote.RemoteWebElement.execute(RemoteWebElement.java:223)
at org.openqa.selenium.remote.RemoteWebElement.click(RemoteWebElement.java:76)
at com.interactivebrokers.qa.pages.Addofflinetransactionpage.clickcontinuebtn(Addofflinetransactionpage.java:60)
at com.interactivebrokers.qa.testcases.AddaccountTest.createBrokerageaccountTest(AddaccountTest.java:63)
at java.base/java.util.ArrayList.forEach(ArrayList.java:1597)
... Removed 28 stack frames]]>
    </failure>
  </testcase> <!-- createBrokerageaccountTest -->
  <testcase classname="com.interactivebrokers.qa.testcases.AddaccountTest" name="ValidateHeaderTextonaccountpageText" time="7.611"/>
</testsuite> <!-- MyTestforInteractivebroker -->
